Thu Apr  1 02:35:56 UTC 2021
Sat May  1 00:05:00 UTC 2021
Tue Jun  1 01:43:01 UTC 2021
Thu Jul  1 00:20:40 UTC 2021
Sun Aug  1 00:36:52 UTC 2021
Wed Sep  1 00:34:29 UTC 2021
Fri Oct  1 00:37:08 UTC 2021
Mon Nov  1 00:36:06 UTC 2021
Wed Dec  1 00:37:34 UTC 2021
Sat Jan  1 00:39:09 UTC 2022
Tue Feb  1 00:38:59 UTC 2022
Tue Mar  1 00:50:33 UTC 2022
Fri Apr  1 00:57:34 UTC 2022
Sun May  1 01:12:32 UTC 2022
Wed Jun  1 01:09:12 UTC 2022
Fri Jul  1 01:10:34 UTC 2022
Mon Aug  1 01:15:00 UTC 2022
Thu Sep  1 01:05:48 UTC 2022
Sat Oct  1 01:38:57 UTC 2022
Tue Nov  1 01:22:46 UTC 2022
Thu Dec  1 01:05:01 UTC 2022
Sun Jan  1 01:00:01 UTC 2023
Wed Feb  1 01:01:21 UTC 2023
Wed Mar  1 01:03:12 UTC 2023
Sat Apr  1 00:53:16 UTC 2023
Mon May  1 00:54:54 UTC 2023
Thu Jun  1 01:10:17 UTC 2023
Sat Jul  1 01:10:06 UTC 2023
